c:\users\utf0163\source\repos\cse687-phase3\threadpool\debug\vc142.pdb
c:\users\utf0163\source\repos\cse687-phase3\threadpool\debug\vc142.idb
c:\users\utf0163\source\repos\cse687-phase3\threadpool\debug\threadpool.obj
c:\users\utf0163\source\repos\cse687-phase3\threadpool\debug\utilities.obj
c:\users\utf0163\source\repos\cse687-phase3\threadpool\debug\logger.obj
c:\users\utf0163\source\repos\cse687-phase3\threadpool\debug\cpp11-blockingqueue.obj
c:\users\utf0163\documents\visual studio 2019\projects\cse687\cse687-phase4\threadpool\debug\vc142.pdb
c:\users\utf0163\documents\visual studio 2019\projects\cse687\cse687-phase4\threadpool\debug\vc142.idb
c:\users\utf0163\documents\visual studio 2019\projects\cse687\cse687-phase4\threadpool\debug\threadpool.obj
c:\users\utf0163\documents\visual studio 2019\projects\cse687\cse687-phase4\threadpool\debug\utilities.obj
c:\users\utf0163\documents\visual studio 2019\projects\cse687\cse687-phase4\threadpool\debug\logger.obj
c:\users\utf0163\documents\visual studio 2019\projects\cse687\cse687-phase4\threadpool\debug\cpp11-blockingqueue.obj
c:\users\utf0163\source\repos\cse687-phase3\threadpool\debug\threadpool.ilk
c:\users\utf0163\source\repos\cse687-phase3\debug\threadpool.exe
c:\users\utf0163\source\repos\cse687-phase3\debug\threadpool.pdb
c:\users\utf0163\documents\visual studio 2019\projects\cse687\cse687-phase4\threadpool\debug\threadpool.ilk
c:\users\utf0163\documents\visual studio 2019\projects\cse687\cse687-phase4\debug\threadpool.exe
c:\users\utf0163\documents\visual studio 2019\projects\cse687\cse687-phase4\debug\threadpool.pdb
c:\users\utf0163\documents\visual studio 2019\projects\cse687\cse687-phase4\threadpool\debug\threadpool.tlog\cl.command.1.tlog
c:\users\utf0163\documents\visual studio 2019\projects\cse687\cse687-phase4\threadpool\debug\threadpool.tlog\cl.read.1.tlog
c:\users\utf0163\documents\visual studio 2019\projects\cse687\cse687-phase4\threadpool\debug\threadpool.tlog\cl.write.1.tlog
c:\users\utf0163\documents\visual studio 2019\projects\cse687\cse687-phase4\threadpool\debug\threadpool.tlog\link.command.1.tlog
c:\users\utf0163\documents\visual studio 2019\projects\cse687\cse687-phase4\threadpool\debug\threadpool.tlog\link.read.1.tlog
c:\users\utf0163\documents\visual studio 2019\projects\cse687\cse687-phase4\threadpool\debug\threadpool.tlog\link.write.1.tlog
