  CallableTest.cpp
  ClientHandler.cpp
  Comm.cpp
  CSE687-Phase4.cpp
  Message.cpp
C:\Users\Leo\source\repos\CSE687-Phase4\CSE687-Phase4\Message.cpp(141,31): warning C4101: 'e': unreferenced local variable
  TestClass.cpp
  TestClient.cpp
  TestLogger.cpp
  TestManager.cpp
  TestResult.cpp
  TestServer.cpp
  Generating Code...
TestServer.obj : error LNK2001: unresolved external symbol "public: __cdecl Logger::~Logger(void)" (??1Logger@@QEAA@XZ)
ClientHandler.obj : error LNK2001: unresolved external symbol "public: __cdecl Logger::~Logger(void)" (??1Logger@@QEAA@XZ)
Comm.obj : error LNK2001: unresolved external symbol "public: __cdecl Logger::~Logger(void)" (??1Logger@@QEAA@XZ)
CSE687-Phase4.obj : error LNK2001: unresolved external symbol "public: __cdecl Logger::~Logger(void)" (??1Logger@@QEAA@XZ)
TestClient.obj : error LNK2001: unresolved external symbol "public: __cdecl Logger::~Logger(void)" (??1Logger@@QEAA@XZ)
Comm.obj : error LNK2019: unresolved external symbol "public: void __cdecl Logger::write(class std::basic_string<char,struct std::char_traits<char>,class std::allocator<char> > const &)" (?write@Logger@@QEAAXAEBV?$basic_string@DU?$char_traits@D@std@@V?$allocator@D@2@@std@@@Z) referenced in function "public: static void __cdecl StaticLogger<1>::write(class std::basic_string<char,struct std::char_traits<char>,class std::allocator<char> > const &)" (?write@?$StaticLogger@$00@@SAXAEBV?$basic_string@DU?$char_traits@D@std@@V?$allocator@D@2@@std@@@Z)
TestServer.obj : error LNK2001: unresolved external symbol "public: void __cdecl Logger::write(class std::basic_string<char,struct std::char_traits<char>,class std::allocator<char> > const &)" (?write@Logger@@QEAAXAEBV?$basic_string@DU?$char_traits@D@std@@V?$allocator@D@2@@std@@@Z)
Comm.obj : error LNK2019: unresolved external symbol "public: __cdecl Sockets::Socket::Socket(class Sockets::Socket &&)" (??0Socket@Sockets@@QEAA@$$QEAV01@@Z) referenced in function "public: __cdecl std::_Tuple_val<class Sockets::Socket>::_Tuple_val<class Sockets::Socket><class Sockets::Socket>(class Sockets::Socket &&)" (??$?0VSocket@Sockets@@@?$_Tuple_val@VSocket@Sockets@@@std@@QEAA@$$QEAVSocket@Sockets@@@Z)
Comm.obj : error LNK2019: unresolved external symbol "public: virtual __cdecl Sockets::Socket::~Socket(void)" (??1Socket@Sockets@@UEAA@XZ) referenced in function "public: __cdecl std::_Tuple_val<class Sockets::Socket>::~_Tuple_val<class Sockets::Socket>(void)" (??1?$_Tuple_val@VSocket@Sockets@@@std@@QEAA@XZ)
Comm.obj : error LNK2019: unresolved external symbol "public: bool __cdecl Sockets::Socket::send(unsigned __int64,char *)" (?send@Socket@Sockets@@QEAA_N_KPEAD@Z) referenced in function "public: __cdecl <lambda_d089484a2d51b4a32fa685aa78209976>::operator()(void)const " (??R<lambda_d089484a2d51b4a32fa685aa78209976>@@QEBA@XZ)
Comm.obj : error LNK2019: unresolved external symbol "public: class std::basic_string<char,struct std::char_traits<char>,class std::allocator<char> > __cdecl Sockets::Socket::recvString(char)" (?recvString@Socket@Sockets@@QEAA?AV?$basic_string@DU?$char_traits@D@std@@V?$allocator@D@2@@std@@D@Z) referenced in function "public: class std::basic_string<char,struct std::char_traits<char>,class std::allocator<char> > __cdecl ClientHandler::readMsg(class Sockets::Socket &)" (?readMsg@ClientHandler@@QEAA?AV?$basic_string@DU?$char_traits@D@std@@V?$allocator@D@2@@std@@AEAVSocket@Sockets@@@Z)
Comm.obj : error LNK2019: unresolved external symbol "public: bool __cdecl Sockets::Socket::shutDown(void)" (?shutDown@Socket@Sockets@@QEAA_NXZ) referenced in function "public: __cdecl <lambda_d089484a2d51b4a32fa685aa78209976>::operator()(void)const " (??R<lambda_d089484a2d51b4a32fa685aa78209976>@@QEBA@XZ)
Comm.obj : error LNK2019: unresolved external symbol "public: __cdecl Sockets::SocketConnecter::SocketConnecter(void)" (??0SocketConnecter@Sockets@@QEAA@XZ) referenced in function "public: __cdecl MsgPassingCommunication::Sender::Sender(class std::basic_string<char,struct std::char_traits<char>,class std::allocator<char> > const &)" (??0Sender@MsgPassingCommunication@@QEAA@AEBV?$basic_string@DU?$char_traits@D@std@@V?$allocator@D@2@@std@@@Z)
Comm.obj : error LNK2019: unresolved external symbol "public: virtual __cdecl Sockets::SocketConnecter::~SocketConnecter(void)" (??1SocketConnecter@Sockets@@UEAA@XZ) referenced in function "int `public: __cdecl MsgPassingCommunication::Sender::Sender(class std::basic_string<char,struct std::char_traits<char>,class std::allocator<char> > const &)'::`1'::dtor$1" (?dtor$1@?0???0Sender@MsgPassingCommunication@@QEAA@AEBV?$basic_string@DU?$char_traits@D@std@@V?$allocator@D@2@@std@@@Z@4HA)
Comm.obj : error LNK2019: unresolved external symbol "public: bool __cdecl Sockets::SocketConnecter::connect(class std::basic_string<char,struct std::char_traits<char>,class std::allocator<char> > const &,unsigned __int64)" (?connect@SocketConnecter@Sockets@@QEAA_NAEBV?$basic_string@DU?$char_traits@D@std@@V?$allocator@D@2@@std@@_K@Z) referenced in function "public: bool __cdecl MsgPassingCommunication::Sender::connect(struct EndPoint)" (?connect@Sender@MsgPassingCommunication@@QEAA_NUEndPoint@@@Z)
Comm.obj : error LNK2019: unresolved external symbol "public: __cdecl Sockets::SocketListener::SocketListener(unsigned __int64,enum Sockets::Socket::IpVer)" (??0SocketListener@Sockets@@QEAA@_KW4IpVer@Socket@1@@Z) referenced in function "public: __cdecl MsgPassingCommunication::Receiver::Receiver(struct EndPoint,class std::basic_string<char,struct std::char_traits<char>,class std::allocator<char> > const &)" (??0Receiver@MsgPassingCommunication@@QEAA@UEndPoint@@AEBV?$basic_string@DU?$char_traits@D@std@@V?$allocator@D@2@@std@@@Z)
Comm.obj : error LNK2019: unresolved external symbol "public: virtual __cdecl Sockets::SocketListener::~SocketListener(void)" (??1SocketListener@Sockets@@UEAA@XZ) referenced in function "int `public: __cdecl MsgPassingCommunication::Receiver::Receiver(struct EndPoint,class std::basic_string<char,struct std::char_traits<char>,class std::allocator<char> > const &)'::`1'::dtor$2" (?dtor$2@?0???0Receiver@MsgPassingCommunication@@QEAA@UEndPoint@@AEBV?$basic_string@DU?$char_traits@D@std@@V?$allocator@D@2@@std@@@Z@4HA)
TestClient.obj : error LNK2001: unresolved external symbol "public: virtual __cdecl Sockets::SocketListener::~SocketListener(void)" (??1SocketListener@Sockets@@UEAA@XZ)
TestManager.obj : error LNK2001: unresolved external symbol "public: virtual __cdecl Sockets::SocketListener::~SocketListener(void)" (??1SocketListener@Sockets@@UEAA@XZ)
TestServer.obj : error LNK2001: unresolved external symbol "public: virtual __cdecl Sockets::SocketListener::~SocketListener(void)" (??1SocketListener@Sockets@@UEAA@XZ)
Comm.obj : error LNK2019: unresolved external symbol "public: void __cdecl Sockets::SocketListener::stop(void)" (?stop@SocketListener@Sockets@@QEAAXXZ) referenced in function "public: void __cdecl MsgPassingCommunication::Receiver::stop(void)" (?stop@Receiver@MsgPassingCommunication@@QEAAXXZ)
Comm.obj : error LNK2019: unresolved external symbol "private: bool __cdecl Sockets::SocketListener::bind(void)" (?bind@SocketListener@Sockets@@AEAA_NXZ) referenced in function "public: bool __cdecl Sockets::SocketListener::start<class ClientHandler>(class ClientHandler &)" (??$start@VClientHandler@@@SocketListener@Sockets@@QEAA_NAEAVClientHandler@@@Z)
Comm.obj : error LNK2019: unresolved external symbol "private: bool __cdecl Sockets::SocketListener::listen(void)" (?listen@SocketListener@Sockets@@AEAA_NXZ) referenced in function "public: bool __cdecl Sockets::SocketListener::start<class ClientHandler>(class ClientHandler &)" (??$start@VClientHandler@@@SocketListener@Sockets@@QEAA_NAEAVClientHandler@@@Z)
Comm.obj : error LNK2019: unresolved external symbol "private: class Sockets::Socket __cdecl Sockets::SocketListener::accept(void)" (?accept@SocketListener@Sockets@@AEAA?AVSocket@2@XZ) referenced in function "public: __cdecl <lambda_0869102a7c2588780028c9611307e237>::operator()(void)const " (??R<lambda_0869102a7c2588780028c9611307e237>@@QEBA@XZ)
CSE687-Phase4.obj : error LNK2019: unresolved external symbol "public: static void __cdecl Utilities::StringHelper::Title(class std::basic_string<char,struct std::char_traits<char>,class std::allocator<char> > const &,char)" (?Title@StringHelper@Utilities@@SAXAEBV?$basic_string@DU?$char_traits@D@std@@V?$allocator@D@2@@std@@D@Z) referenced in function main
CSE687-Phase4.obj : error LNK2019: unresolved external symbol "void __cdecl Utilities::putline(void)" (?putline@Utilities@@YAXXZ) referenced in function main
CSE687-Phase4.obj : error LNK2019: unresolved external symbol "public: void __cdecl Logger::attach(class std::basic_ostream<char,struct std::char_traits<char> > *)" (?attach@Logger@@QEAAXPEAV?$basic_ostream@DU?$char_traits@D@std@@@std@@@Z) referenced in function "public: static void __cdecl StaticLogger<1>::attach(class std::basic_ostream<char,struct std::char_traits<char> > *)" (?attach@?$StaticLogger@$00@@SAXPEAV?$basic_ostream@DU?$char_traits@D@std@@@std@@@Z)
CSE687-Phase4.obj : error LNK2019: unresolved external symbol "public: void __cdecl Logger::flush(void)" (?flush@Logger@@QEAAXXZ) referenced in function "public: static void __cdecl StaticLogger<1>::flush(void)" (?flush@?$StaticLogger@$00@@SAXXZ)
CSE687-Phase4.obj : error LNK2019: unresolved external symbol "public: __cdecl Sockets::SocketSystem::SocketSystem(void)" (??0SocketSystem@Sockets@@QEAA@XZ) referenced in function main
CSE687-Phase4.obj : error LNK2019: unresolved external symbol "public: __cdecl Sockets::SocketSystem::~SocketSystem(void)" (??1SocketSystem@Sockets@@QEAA@XZ) referenced in function main
C:\Users\Leo\Source\Repos\CSE687-Phase4\Debug\Sockets.lib : warning LNK4272: library machine type 'x86' conflicts with target machine type 'x64'
C:\Users\Leo\Source\Repos\CSE687-Phase4\x64\Debug\CSE687-Phase4.exe : fatal error LNK1120: 22 unresolved externals
