c:\users\utf0163\source\repos\cse687-phase4\cse687-phase4\debug\vc142.pdb
c:\users\utf0163\source\repos\cse687-phase4\cse687-phase4\debug\vc142.idb
c:\users\utf0163\source\repos\cse687-phase4\cse687-phase4\debug\testserver.obj
c:\users\utf0163\source\repos\cse687-phase4\cse687-phase4\debug\testresult.obj
c:\users\utf0163\source\repos\cse687-phase4\cse687-phase4\debug\testmanager.obj
c:\users\utf0163\source\repos\cse687-phase4\cse687-phase4\debug\testlogger.obj
c:\users\utf0163\source\repos\cse687-phase4\cse687-phase4\debug\testclient.obj
c:\users\utf0163\source\repos\cse687-phase4\cse687-phase4\debug\testclass.obj
c:\users\utf0163\source\repos\cse687-phase4\cse687-phase4\debug\message.obj
c:\users\utf0163\source\repos\cse687-phase4\cse687-phase4\debug\cse687-phase4.obj
c:\users\utf0163\source\repos\cse687-phase4\cse687-phase4\debug\comm.obj
c:\users\utf0163\source\repos\cse687-phase4\cse687-phase4\debug\clienthandler.obj
c:\users\utf0163\source\repos\cse687-phase4\cse687-phase4\debug\callabletest.obj
c:\users\utf0163\source\repos\cse687-phase4\debug\cse687-phase4.exe
c:\users\utf0163\source\repos\cse687-phase4\cse687-phase4\debug\cse687-phase4.ilk
c:\users\utf0163\source\repos\cse687-phase4\debug\cse687-phase4.pdb
c:\users\utf0163\source\repos\cse687-phase4\cse687-phase4\debug\cse687-phase4.tlog\cl.command.1.tlog
c:\users\utf0163\source\repos\cse687-phase4\cse687-phase4\debug\cse687-phase4.tlog\cl.read.1.tlog
c:\users\utf0163\source\repos\cse687-phase4\cse687-phase4\debug\cse687-phase4.tlog\cl.write.1.tlog
c:\users\utf0163\source\repos\cse687-phase4\cse687-phase4\debug\cse687-phase4.tlog\link.command.1.tlog
c:\users\utf0163\source\repos\cse687-phase4\cse687-phase4\debug\cse687-phase4.tlog\link.read.1.tlog
c:\users\utf0163\source\repos\cse687-phase4\cse687-phase4\debug\cse687-phase4.tlog\link.write.1.tlog
